1631894544140	geckodriver	INFO	Listening on 127.0.0.1:3593
1631894547199	mozrunner::runner	INFO	Running command: "C:\\Program Files\\Mozilla Firefox\\firefox.exe" "--marionette" "-no-remote" "-profile" "C:\\Users\\HAMI37~1\\AppData\\Local\\Temp\\rust_mozprofilevUPe8L"
1631894548256	Marionette	INFO	Marionette enabled
console.warn: SearchSettings: "get: No settings file exists, new profile?" (new NotFoundError("Could not open the file at C:\\Users\\HAMI 37737396\\AppData\\Local\\Temp\\rust_mozprofilevUPe8L\\search.json.mozlz4", (void 0)))
1631894551969	Marionette	INFO	Listening on port 3601
1631894552059	RemoteAgent	WARN	TLS certificate errors will be ignored for this session
1631894582813	Marionette	INFO	Stopped listening on port 3601
JavaScript error: resource:///modules/Interactions.jsm, line 230: NS_ERROR_FAILURE: Component returned failure code: 0x80004005 (NS_ERROR_FAILURE) [nsIUserIdleService.removeIdleObserver]
1631894606464	geckodriver	INFO	Listening on 127.0.0.1:3432
1631894609589	mozrunner::runner	INFO	Running command: "C:\\Program Files\\Mozilla Firefox\\firefox.exe" "--marionette" "-no-remote" "-profile" "C:\\Users\\HAMI37~1\\AppData\\Local\\Temp\\rust_mozprofilelNuCb0"
1631894610230	Marionette	INFO	Marionette enabled
console.warn: SearchSettings: "get: No settings file exists, new profile?" (new NotFoundError("Could not open the file at C:\\Users\\HAMI 37737396\\AppData\\Local\\Temp\\rust_mozprofilelNuCb0\\search.json.mozlz4", (void 0)))
1631894613895	Marionette	INFO	Listening on port 3365
1631894613943	RemoteAgent	WARN	TLS certificate errors will be ignored for this session
1631894626380	Marionette	INFO	Stopped listening on port 3365
JavaScript error: resource:///modules/Interactions.jsm, line 230: NS_ERROR_FAILURE: Component returned failure code: 0x80004005 (NS_ERROR_FAILURE) [nsIUserIdleService.removeIdleObserver]

###!!! [Child][MessageChannel] Error: (msgtype=0x590004,name=PHttpChannel::Msg_Cancel) Channel closing: too late to send/recv, messages will be lost


###!!! [Child][MessageChannel] Error: (msgtype=0x590008,name=PHttpChannel::Msg_DeletingChannel) Channel closing: too late to send/recv, messages will be lost


###!!! [Child][MessageChannel] Error: (msgtype=0x590004,name=PHttpChannel::Msg_Cancel) Channel closing: too late to send/recv, messages will be lost


###!!! [Child][MessageChannel] Error: (msgtype=0x590008,name=PHttpChannel::Msg_DeletingChannel) Channel closing: too late to send/recv, messages will be lost


###!!! [Child][RunMessage] Error: Channel closing: too late to send/recv, messages will be lost

1631894634177	geckodriver	INFO	Listening on 127.0.0.1:3415
1631894637261	mozrunner::runner	INFO	Running command: "C:\\Program Files\\Mozilla Firefox\\firefox.exe" "--marionette" "-no-remote" "-profile" "C:\\Users\\HAMI37~1\\AppData\\Local\\Temp\\rust_mozprofile6zBu0C"
1631894637896	Marionette	INFO	Marionette enabled
console.warn: SearchSettings: "get: No settings file exists, new profile?" (new NotFoundError("Could not open the file at C:\\Users\\HAMI 37737396\\AppData\\Local\\Temp\\rust_mozprofile6zBu0C\\search.json.mozlz4", (void 0)))
1631894640960	Marionette	INFO	Listening on port 3423
1631894641016	RemoteAgent	WARN	TLS certificate errors will be ignored for this session
1631894680048	Marionette	INFO	Stopped listening on port 3423
JavaScript error: resource:///modules/Interactions.jsm, line 230: NS_ERROR_FAILURE: Component returned failure code: 0x80004005 (NS_ERROR_FAILURE) [nsIUserIdleService.removeIdleObserver]
_mozprofilez2tuCP"
1631894650959	Marionette	INFO	Marionette enabled
console.warn: SearchSettings: "get: No settings file exists, new profile?" (new NotFoundError("Could not open the file at C:\\Users\\HAMI 37737396\\AppData\\Local\\Temp\\rust_mozprofilez2tuCP\\search.json.mozlz4", (void 0)))
1631894653902	Marionette	INFO	Listening on port 3473
1631894653996	RemoteAgent	WARN	TLS certificate errors will be ignored for this session
1631894670689	Marionette	INFO	Stopped listening on port 3473
JavaScript error: resource:///modules/Interactions.jsm, line 230: NS_ERROR_FAILURE: Component returned failure code: 0x80004005 (NS_ERROR_FAILURE) [nsIUserIdleService.removeIdleObserver]

###!!! [Child][RunMessage] Error: Channel closing: too late to send/recv, messages will be lost

et: No settings file exists, new profile?" (new NotFoundError("Could not open the file at C:\\Users\\HAMI 37737396\\AppData\\Local\\Temp\\rust_mozprofileuiPRk9\\search.json.mozlz4", (void 0)))
1631894670226	Marionette	INFO	Listening on port 3540
1631894670276	RemoteAgent	WARN	TLS certificate errors will be ignored for this session
Marionette threw an error: TypeError: this.curBrowser.contentBrowser is null
GeckoDriver.prototype.navigateTo@chrome://remote/content/marionette/driver.js:806:3

JavaScript error: , line 0: NotFoundError: No such JSWindowActor 'MarionetteEvents'
JavaScript error: , line 0: NotFoundError: No such JSWindowActor 'MarionetteEvents'
1631894679306	Marionette	INFO	Stopped listening on port 3540
JavaScript error: resource:///modules/Interactions.jsm, line 230: NS_ERROR_FAILURE: Component returned failure code: 0x80004005 (NS_ERROR_FAILURE) [nsIUserIdleService.removeIdleObserver]
1631895435066	geckodriver	INFO	Listening on 127.0.0.1:3685
1631895438146	mozrunner::runner	INFO	Running command: "C:\\Program Files\\Mozilla Firefox\\firefox.exe" "--marionette" "-no-remote" "-profile" "C:\\Users\\HAMI37~1\\AppData\\Local\\Temp\\rust_mozprofilejGNYi8"
1631895438802	Marionette	INFO	Marionette enabled
console.warn: SearchSettings: "get: No settings file exists, new profile?" (new NotFoundError("Could not open the file at C:\\Users\\HAMI 37737396\\AppData\\Local\\Temp\\rust_mozprofilejGNYi8\\search.json.mozlz4", (void 0)))
1631895442309	Marionette	INFO	Listening on port 3693
1631895442393	RemoteAgent	WARN	TLS certificate errors will be ignored for this session
console.warn: LoginRecipes: "getRecipes: falling back to a synchronous message for:" "https://bayan.ir"
console.warn: LoginRecipes: "getRecipes: falling back to a synchronous message for:" "https://bayan.ir"
1631895712139	Marionette	INFO	Stopped listening on port 3693
JavaScript error: resource:///modules/Interactions.jsm, line 230: NS_ERROR_FAILURE: Component returned failure code: 0x80004005 (NS_ERROR_FAILURE) [nsIUserIdleService.removeIdleObserver]
_mozprofileFYNMlj"
1631895678118	Marionette	INFO	Marionette enabled
console.warn: SearchSettings: "get: No settings file exists, new profile?" (new NotFoundError("Could not open the file at C:\\Users\\HAMI 37737396\\AppData\\Local\\Temp\\rust_mozprofileFYNMlj\\search.json.mozlz4", (void 0)))
1631895681309	Marionette	INFO	Listening on port 3783
1631895681549	RemoteAgent	WARN	TLS certificate errors will be ignored for this session
1631895713303	Marionette	INFO	Stopped listening on port 3783
JavaScript error: resource:///modules/Interactions.jsm, line 230: NS_ERROR_FAILURE: Component returned failure code: 0x80004005 (NS_ERROR_FAILURE) [nsIUserIdleService.removeIdleObserver]
_mozprofiled7iui3"
1631895697279	Marionette	INFO	Marionette enabled
console.warn: SearchSettings: "get: No settings file exists, new profile?" (new NotFoundError("Could not open the file at C:\\Users\\HAMI 37737396\\AppData\\Local\\Temp\\rust_mozprofiled7iui3\\search.json.mozlz4", (void 0)))
1631895700396	Marionette	INFO	Listening on port 3843
1631895700918	RemoteAgent	WARN	TLS certificate errors will be ignored for this session
1631896056010	Marionette	INFO	Stopped listening on port 3843
JavaScript error: resource:///modules/Interactions.jsm, line 230: NS_ERROR_FAILURE: Component returned failure code: 0x80004005 (NS_ERROR_FAILURE) [nsIUserIdleService.removeIdleObserver]
t_mozprofile5dKWPW"
1631895761640	Marionette	INFO	Marionette enabled
console.warn: SearchSettings: "get: No settings file exists, new profile?" (new NotFoundError("Could not open the file at C:\\Users\\HAMI 37737396\\AppData\\Local\\Temp\\rust_mozprofile5dKWPW\\search.json.mozlz4", (void 0)))
1631895764641	Marionette	INFO	Listening on port 13649
1631895764710	RemoteAgent	WARN	TLS certificate errors will be ignored for this session
console.log: WebExtensions: reset-default-search: starting.
console.log: WebExtensions: reset-default-search: No addons in our list are installed.
1631896511425	Marionette	INFO	Stopped listening on port 13649
JavaScript error: resource:///modules/Interactions.jsm, line 230: NS_ERROR_FAILURE: Component returned failure code: 0x80004005 (NS_ERROR_FAILURE) [nsIUserIdleService.removeIdleObserver]

###!!! [Parent][RunMessage] Error: Channel closing: too late to send/recv, messages will be lost

leUfVBLI\\search.json.mozlz4", (void 0)))
1631895796098	Marionette	INFO	Listening on port 2284
1631895796519	RemoteAgent	WARN	TLS certificate errors will be ignored for this session
1631895804901	Marionette	INFO	Stopped listening on port 2284
JavaScript error: resource:///modules/Interactions.jsm, line 230: NS_ERROR_FAILURE: Component returned failure code: 0x80004005 (NS_ERROR_FAILURE) [nsIUserIdleService.removeIdleObserver]
1631896047350	geckodriver	INFO	Listening on 127.0.0.1:5617
1631896050432	mozrunner::runner	INFO	Running command: "C:\\Program Files\\Mozilla Firefox\\firefox.exe" "--marionette" "-no-remote" "-profile" "C:\\Users\\HAMI37~1\\AppData\\Local\\Temp\\rust_mozprofileYEDPFu"
1631896050903	Marionette	INFO	Marionette enabled
console.warn: SearchSettings: "get: No settings file exists, new profile?" (new NotFoundError("Could not open the file at C:\\Users\\HAMI 37737396\\AppData\\Local\\Temp\\rust_mozprofileYEDPFu\\search.json.mozlz4", (void 0)))
1631896054121	Marionette	INFO	Listening on port 5625
1631896054153	RemoteAgent	WARN	TLS certificate errors will be ignored for this session
1631896512633	Marionette	INFO	Stopped listening on port 5625
JavaScript error: resource:///modules/Interactions.jsm, line 230: NS_ERROR_FAILURE: Component returned failure code: 0x80004005 (NS_ERROR_FAILURE) [nsIUserIdleService.removeIdleObserver]
_mozprofileJ4pVBw"
1631896113088	Marionette	INFO	Marionette enabled
console.warn: SearchSettings: "get: No settings file exists, new profile?" (new NotFoundError("Could not open the file at C:\\Users\\HAMI 37737396\\AppData\\Local\\Temp\\rust_mozprofileJ4pVBw\\search.json.mozlz4", (void 0)))
1631896116403	Marionette	INFO	Listening on port 5696
1631896116720	RemoteAgent	WARN	TLS certificate errors will be ignored for this session
console.error: Region.jsm: "Error fetching region" (new Error("TIMEOUT", "resource://gre/modules/Region.jsm", 772))
console.error: Region.jsm: "Failed to fetch region" (new Error("TIMEOUT", "resource://gre/modules/Region.jsm", 419))
1631896145340	Marionette	INFO	Stopped listening on port 5696
JavaScript error: resource:///modules/Interactions.jsm, line 230: NS_ERROR_FAILURE: Component returned failure code: 0x80004005 (NS_ERROR_FAILURE) [nsIUserIdleService.removeIdleObserver]
1631896149909	geckodriver	INFO	Listening on 127.0.0.1:11121
1631896152971	mozrunner::runner	INFO	Running command: "C:\\Program Files\\Mozilla Firefox\\firefox.exe" "--marionette" "-no-remote" "-profile" "C:\\Users\\HAMI37~1\\AppData\\Local\\Temp\\rust_mozprofilexKBsD3"
1631896153579	Marionette	INFO	Marionette enabled
console.warn: SearchSettings: "get: No settings file exists, new profile?" (new NotFoundError("Could not open the file at C:\\Users\\HAMI 37737396\\AppData\\Local\\Temp\\rust_mozprofilexKBsD3\\search.json.mozlz4", (void 0)))
1631896156890	Marionette	INFO	Listening on port 8686
1631896157221	RemoteAgent	WARN	TLS certificate errors will be ignored for this session
1631896227803	Marionette	INFO	Stopped listening on port 8686
JavaScript error: resource:///modules/Interactions.jsm, line 230: NS_ERROR_FAILURE: Component returned failure code: 0x80004005 (NS_ERROR_FAILURE) [nsIUserIdleService.removeIdleObserver]
_mozprofileQd3kv6"
1631896192896	Marionette	INFO	Marionette enabled
console.warn: SearchSettings: "get: No settings file exists, new profile?" (new NotFoundError("Could not open the file at C:\\Users\\HAMI 37737396\\AppData\\Local\\Temp\\rust_mozprofileQd3kv6\\search.json.mozlz4", (void 0)))
1631896196681	Marionette	INFO	Listening on port 13242
1631896196982	RemoteAgent	WARN	TLS certificate errors will be ignored for this session
1631896202648	Marionette	INFO	Stopped listening on port 13242
JavaScript error: resource:///modules/Interactions.jsm, line 230: NS_ERROR_FAILURE: Component returned failure code: 0x80004005 (NS_ERROR_FAILURE) [nsIUserIdleService.removeIdleObserver]
1631896639552	geckodriver	INFO	Listening on 127.0.0.1:7332
1631896642651	mozrunner::runner	INFO	Running command: "C:\\Program Files\\Mozilla Firefox\\60\\firefox.exe" "--marionette" "-no-remote" "-profile" "C:\\Users\\HAMI37~1\\AppData\\Local\\Temp\\rust_mozprofilehco63x"
Unable to read VR Path Registry from C:\Users\HAMI 37737396\AppData\Local\openvr\openvrpaths.vrpath
Unable to read VR Path Registry from C:\Users\HAMI 37737396\AppData\Local\openvr\openvrpaths.vrpath
Unable to read VR Path Registry from C:\Users\HAMI 37737396\AppData\Local\openvr\openvrpaths.vrpath
Unable to read VR Path Registry from C:\Users\HAMI 37737396\AppData\Local\openvr\openvrpaths.vrpath
Unable to read VR Path Registry from C:\Users\HAMI 37737396\AppData\Local\openvr\openvrpaths.vrpath
1631896645068	Marionette	INFO	Listening on port 7340
1631896645339	Marionette	WARN	TLS certificate errors will be ignored for this session
Unable to read VR Path Registry from C:\Users\HAMI 37737396\AppData\Local\openvr\openvrpaths.vrpath
[Parent 10776, Gecko_IOThread] WARNING: pipe error: 109: file z:/build/build/src/ipc/chromium/src/chrome/common/ipc_channel_win.cc, line 346
[Child 2556, Chrome_ChildThread] WARNING: pipe error: 109: file z:/build/build/src/ipc/chromium/src/chrome/common/ipc_channel_win.cc, line 346
[Child 8448, Chrome_ChildThread] WARNING: pipe error: 109: file z:/build/build/src/ipc/chromium/src/chrome/common/ipc_channel_win.cc, line 346
[Child 8448, Chrome_ChildThread] WARNING: pipe error: 109: file z:/build/build/src/ipc/chromium/src/chrome/common/ipc_channel_win.cc, line 346
[Child 6152, Chrome_ChildThread] WARNING: pipe error: 109: file z:/build/build/src/ipc/chromium/src/chrome/common/ipc_channel_win.cc, line 346
[Child 6152, Chrome_ChildThread] WARNING: pipe error: 109: file z:/build/build/src/ipc/chromium/src/chrome/common/ipc_channel_win.cc, line 346

###!!! [Child][MessageChannel::SendAndWait] Error: Channel error: cannot send/recv

aths.vrpath
Unable to read VR Path Registry from C:\Users\HAMI 37737396\AppData\Local\openvr\openvrpaths.vrpath
1631896715235	Marionette	INFO	Listening on port 14883
1631896715671	Marionette	WARN	TLS certificate errors will be ignored for this session
[GFX1-]: Unrecognized feature WEBRENDER
[Child 9024, Chrome_ChildThread] WARNING: pipe error: 109: file z:/build/build/src/ipc/chromium/src/chrome/common/ipc_channel_win.cc, line 346
[Child 9024, Chrome_ChildThread] WARNING: pipe error: 109: file z:/build/build/src/ipc/chromium/src/chrome/common/ipc_channel_win.cc, line 346
[Parent 15276, Gecko_IOThread] WARNING: pipe error: 109: file z:/build/build/src/ipc/chromium/src/chrome/common/ipc_channel_win.cc, line 346
[Child 6308, Chrome_ChildThread] WARNING: pipe error: 109: file z:/build/build/src/ipc/chromium/src/chrome/common/ipc_channel_win.cc, line 346

###!!! [Child][MessageChannel::SendAndWait] Error: Channel error: cannot send/recv

etworkStatus
1631896747839	addons.webextension.screenshots@mozilla.org	WARN	Loading extension 'screenshots@mozilla.org': Reading manifest: Invalid extension permission: mozillaAddons
1631896747839	addons.webextension.screenshots@mozilla.org	WARN	Loading extension 'screenshots@mozilla.org': Reading manifest: Invalid extension permission: telemetry
1631896747840	addons.webextension.screenshots@mozilla.org	WARN	Loading extension 'screenshots@mozilla.org': Reading manifest: Invalid extension permission: resource://pdf.js/
1631896747840	addons.webextension.screenshots@mozilla.org	WARN	Loading extension 'screenshots@mozilla.org': Reading manifest: Invalid extension permission: about:reader*
JavaScript error: resource://gre/modules/XULStore.jsm, line 66: Error: Can't find profile directory.
1631896751235	Marionette	INFO	Listening on port 10908
1631896751434	Marionette	WARN	TLS certificate errors will be ignored for this session
1631896759305	Marionette	INFO	Stopped listening on port 10908

###!!! [Child][RunMessage] Error: Channel closing: too late to send/recv, messages will be lost


###!!! [Child][MessageChannel::SendAndWait] Error: Channel error: cannot send/recv

1631900400678	geckodriver	INFO	Listening on 127.0.0.1:7291
1631900403745	mozrunner::runner	INFO	Running command: "C:\\Program Files\\Mozilla Firefox\\60\\firefox.exe" "--marionette" "-no-remote" "-profile" "C:\\Users\\HAMI37~1\\AppData\\Local\\Temp\\rust_mozprofileiAA0u7"
1631900404613	addons.webextension.doh-rollout@mozilla.org	WARN	Loading extension 'doh-rollout@mozilla.org': Reading manifest: Invalid extension permission: networkStatus
1631900404732	addons.webextension.screenshots@mozilla.org	WARN	Loading extension 'screenshots@mozilla.org': Reading manifest: Invalid extension permission: mozillaAddons
1631900404733	addons.webextension.screenshots@mozilla.org	WARN	Loading extension 'screenshots@mozilla.org': Reading manifest: Invalid extension permission: telemetry
1631900404733	addons.webextension.screenshots@mozilla.org	WARN	Loading extension 'screenshots@mozilla.org': Reading manifest: Invalid extension permission: resource://pdf.js/
1631900404733	addons.webextension.screenshots@mozilla.org	WARN	Loading extension 'screenshots@mozilla.org': Reading manifest: Invalid extension permission: about:reader*
JavaScript error: resource://gre/modules/XULStore.jsm, line 66: Error: Can't find profile directory.
1631900407339	Marionette	INFO	Listening on port 12905
1631900407451	Marionette	WARN	TLS certificate errors will be ignored for this session
JavaScript error: resource://gre/modules/XULStore.jsm, line 66: Error: Can't find profile directory.
1631901976274	Marionette	INFO	Stopped listening on port 12905

###!!! [Child][RunMessage] Error: Channel closing: too late to send/recv, messages will be lost


###!!! [Child][MessageChannel::SendAndWait] Error: Channel error: cannot send/recv

1631901984459	geckodriver	INFO	Listening on 127.0.0.1:3204
1631901987530	mozrunner::runner	INFO	Running command: "C:\\Program Files\\Mozilla Firefox\\60\\firefox.exe" "--marionette" "-no-remote" "-profile" "C:\\Users\\HAMI37~1\\AppData\\Local\\Temp\\rust_mozprofile5s6Deh"
1631901988041	addons.webextension.doh-rollout@mozilla.org	WARN	Loading extension 'doh-rollout@mozilla.org': Reading manifest: Invalid extension permission: networkStatus
1631901988147	addons.webextension.screenshots@mozilla.org	WARN	Loading extension 'screenshots@mozilla.org': Reading manifest: Invalid extension permission: mozillaAddons
1631901988147	addons.webextension.screenshots@mozilla.org	WARN	Loading extension 'screenshots@mozilla.org': Reading manifest: Invalid extension permission: telemetry
1631901988147	addons.webextension.screenshots@mozilla.org	WARN	Loading extension 'screenshots@mozilla.org': Reading manifest: Invalid extension permission: resource://pdf.js/
1631901988147	addons.webextension.screenshots@mozilla.org	WARN	Loading extension 'screenshots@mozilla.org': Reading manifest: Invalid extension permission: about:reader*
JavaScript error: resource://gre/modules/XULStore.jsm, line 66: Error: Can't find profile directory.
1631901990220	Marionette	INFO	Listening on port 3212
1631901990720	Marionette	WARN	TLS certificate errors will be ignored for this session
1631902245392	Marionette	INFO	Stopped listening on port 3212

###!!! [Child][RunMessage] Error: Channel closing: too late to send/recv, messages will be lost


###!!! [Child][MessageChannel::SendAndWait] Error: Channel error: cannot send/recv

ust_mozprofilecY15QU"
1631902028202	addons.webextension.doh-rollout@mozilla.org	WARN	Loading extension 'doh-rollout@mozilla.org': Reading manifest: Invalid extension permission: networkStatus
1631902028319	addons.webextension.screenshots@mozilla.org	WARN	Loading extension 'screenshots@mozilla.org': Reading manifest: Invalid extension permission: mozillaAddons
1631902028319	addons.webextension.screenshots@mozilla.org	WARN	Loading extension 'screenshots@mozilla.org': Reading manifest: Invalid extension permission: telemetry
1631902028319	addons.webextension.screenshots@mozilla.org	WARN	Loading extension 'screenshots@mozilla.org': Reading manifest: Invalid extension permission: resource://pdf.js/
1631902028319	addons.webextension.screenshots@mozilla.org	WARN	Loading extension 'screenshots@mozilla.org': Reading manifest: Invalid extension permission: about:reader*
JavaScript error: resource://gre/modules/XULStore.jsm, line 66: Error: Can't find profile directory.
1631902030450	Marionette	INFO	Listening on port 3260
1631902030463	Marionette	WARN	TLS certificate errors will be ignored for this session
1631902242838	Marionette	INFO	Stopped listening on port 3260

###!!! [Child][MessageChannel::SendAndWait] Error: Channel error: cannot send/recv

1634924196645	geckodriver	INFO	Listening on 127.0.0.1:6223
1634924199735	mozrunner::runner	INFO	Running command: "C:\\Program Files\\Mozilla Firefox\\60\\firefox.exe" "--marionette" "-no-remote" "-profile" "C:\\Users\\HAMI37~1\\AppData\\Local\\Temp\\rust_mozprofile9vSVCJ"
1634924200483	Marionette	INFO	Marionette enabled
console.warn: SearchSettings: "get: No settings file exists, new profile?" (new NotFoundError("Could not open the file at C:\\Users\\HAMI 37737396\\AppData\\Local\\Temp\\rust_mozprofile9vSVCJ\\search.json.mozlz4", (void 0)))
1634924203872	Marionette	INFO	Listening on port 1247
1634924203987	RemoteAgent	WARN	TLS certificate errors will be ignored for this session
JavaScript error: https://accounts.aut.ac.ir/cas/login, line 200: ReferenceError: head is not defined
JavaScript error: https://accounts.aut.ac.ir/cas/login, line 115: ReferenceError: head is not defined
1634924363276	Marionette	INFO	Stopped listening on port 1247
JavaScript error: resource:///modules/Interactions.jsm, line 201: NS_ERROR_FAILURE: Component returned failure code: 0x80004005 (NS_ERROR_FAILURE) [nsIUserIdleService.removeIdleObserver]
console.warn: TopSitesFeed: Failed to fetch data from Contile server: NetworkError when attempting to fetch resource.
gs file exists, new profile?" (new NotFoundError("Could not open the file at C:\\Users\\HAMI 37737396\\AppData\\Local\\Temp\\rust_mozprofilefSxG5Q\\search.json.mozlz4", (void 0)))
1634924323162	Marionette	INFO	Listening on port 10749
1634924323536	RemoteAgent	WARN	TLS certificate errors will be ignored for this session
JavaScript error: https://accounts.aut.ac.ir/cas/login, line 200: ReferenceError: head is not defined
JavaScript error: https://accounts.aut.ac.ir/cas/login, line 115: ReferenceError: head is not defined
JavaScript error: https://accounts.aut.ac.ir/cas/logout, line 84: ReferenceError: head is not defined
1634924338931	Marionette	INFO	Stopped listening on port 10749
JavaScript error: resource:///modules/Interactions.jsm, line 201: NS_ERROR_FAILURE: Component returned failure code: 0x80004005 (NS_ERROR_FAILURE) [nsIUserIdleService.removeIdleObserver]
console.warn: TopSitesFeed: Failed to fetch data from Contile server: NetworkError when attempting to fetch resource.
1636966871755	geckodriver	INFO	Listening on 127.0.0.1:6322
1636966874818	mozrunner::runner	INFO	Running command: "C:\\Program Files\\Mozilla Firefox\\60\\firefox.exe" "--marionette" "-no-remote" "-profile" "C:\\Users\\HAMI37~1\\AppData\\Local\\Temp\\rust_mozprofileAyyjPn"
1636966875553	Marionette	INFO	Marionette enabled
console.warn: SearchSettings: "get: No settings file exists, new profile?" (new NotFoundError("Could not open the file at C:\\Users\\HAMI 37737396\\AppData\\Local\\Temp\\rust_mozprofileAyyjPn\\search.json.mozlz4", (void 0)))
1636966879798	Marionette	INFO	Listening on port 6331
1636966880264	RemoteAgent	WARN	TLS certificate errors will be ignored for this session
JavaScript error: , line 0: uncaught exception: undefined
1636966939208	Marionette	INFO	Stopped listening on port 6331
console.warn: TopSitesFeed: Failed to fetch data from Contile server: NetworkError when attempting to fetch resource.
 "-no-remote" "-profile" "C:\\Users\\HAMI37~1\\AppData\\Local\\Temp\\rust_mozprofilesTqvjB"
1636966920871	Marionette	INFO	Marionette enabled
console.warn: SearchSettings: "get: No settings file exists, new profile?" (new NotFoundError("Could not open the file at C:\\Users\\HAMI 37737396\\AppData\\Local\\Temp\\rust_mozprofilesTqvjB\\search.json.mozlz4", (void 0)))
1636966924783	Marionette	INFO	Listening on port 6412
1636966925033	RemoteAgent	WARN	TLS certificate errors will be ignored for this session
JavaScript error: , line 0: uncaught exception: undefined
JavaScript error: , line 0: uncaught exception: undefined
SourceActor threw an exception: [Exception... "Component returned failure code: 0x80470002 (NS_BASE_STREAM_CLOSED) [nsIInputStream.available]"  nsresult: "0x80470002 (NS_BASE_STREAM_CLOSED)"  location: "JS frame :: resource://devtools/shared/DevToolsUtils.js :: onResponse :: line 567"  data: no]
Stack: onResponse@resource://devtools/shared/DevToolsUtils.js:567:34
onStopRequest@resource://gre/modules/NetUtil.jsm:128:18
Line: 567, column: 0
console.error: ({})
JavaScript error: resource://devtools/shared/DevToolsUtils.js, line 567: NS_BASE_STREAM_CLOSED: Component returned failure code: 0x80470002 (NS_BASE_STREAM_CLOSED) [nsIInputStream.available]
console.log: WebExtensions: reset-default-search: starting.
console.log: WebExtensions: reset-default-search: No addons in our list are installed.
JavaScript error: , line 0: NS_ERROR_NOT_AVAILABLE
1636967891722	Marionette	INFO	Stopped listening on port 6412
console.warn: TopSitesFeed: Failed to fetch data from Contile server: NetworkError when attempting to fetch resource.

###!!! [Child][RunMessage] Error: Channel closing: too late to send/recv, messages will be lost


###!!! [Child][RunMessage] Error: Channel closing: too late to send/recv, messages will be lost


###!!! [Child][MessageChannel] Error: (msgtype=0x590004,name=PHttpChannel::Msg_Cancel) Channel closing: too late to send/recv, messages will be lost


###!!! [Child][MessageChannel] Error: (msgtype=0x590008,name=PHttpChannel::Msg_DeletingChannel) Channel closing: too late to send/recv, messages will be lost


###!!! [Child][MessageChannel] Error: (msgtype=0x39011B,name=PContent::Msg_RecordDiscardedData) Channel closing: too late to send/recv, messages will be lost

 on port 6847
console.warn: TopSitesFeed: Failed to fetch data from Contile server: NetworkError when attempting to fetch resource.

###!!! [Child][MessageChannel] Error: (msgtype=0x590004,name=PHttpChannel::Msg_Cancel) Channel closing: too late to send/recv, messages will be lost


###!!! [Child][MessageChannel] Error: (msgtype=0x590008,name=PHttpChannel::Msg_DeletingChannel) Channel closing: too late to send/recv, messages will be lost

1636967586748	geckodriver	INFO	Listening on 127.0.0.1:6997
1636967589828	mozrunner::runner	INFO	Running command: "C:\\Program Files\\Mozilla Firefox\\60\\firefox.exe" "--marionette" "-no-remote" "-profile" "C:\\Users\\HAMI37~1\\AppData\\Local\\Temp\\rust_mozprofileiQg7Er"
1636967590613	Marionette	INFO	Marionette enabled
console.warn: SearchSettings: "get: No settings file exists, new profile?" (new NotFoundError("Could not open the file at C:\\Users\\HAMI 37737396\\AppData\\Local\\Temp\\rust_mozprofileiQg7Er\\search.json.mozlz4", (void 0)))
1636967593904	Marionette	INFO	Listening on port 7007
1636967594073	RemoteAgent	WARN	TLS certificate errors will be ignored for this session
JavaScript error: , line 0: uncaught exception: undefined
JavaScript error: , line 0: uncaught exception: undefined
1636967892461	Marionette	INFO	Stopped listening on port 7007
console.warn: TopSitesFeed: Failed to fetch data from Contile server: NetworkError when attempting to fetch resource.

###!!! [Child][RunMessage] Error: Channel closing: too late to send/recv, messages will be lost


###!!! [Child][RunMessage] Error: Channel closing: too late to send/recv, messages will be lost


###!!! [Child][MessageChannel] Error: (msgtype=0x590004,name=PHttpChannel::Msg_Cancel) Channel closing: too late to send/recv, messages will be lost


###!!! [Child][MessageChannel] Error: (msgtype=0x590008,name=PHttpChannel::Msg_DeletingChannel) Channel closing: too late to send/recv, messages will be lost


###!!! [Child][RunMessage] Error: Channel closing: too late to send/recv, messages will be lost


###!!! [Child][RunMessage] Error: Channel closing: too late to send/recv, messages will be lost

